<?xml version="1.0" encoding="UTF-8"?>
<testsuite xmlns:xsi="http://www.w3.org/2001/XMLSchema-instance" xsi:noNamespaceSchemaLocation="https://maven.apache.org/surefire/maven-surefire-plugin/xsd/surefire-test-report.xsd" name="com.gupaoedu.core.AppTest" time="0.042" tests="1" errors="0" skipped="0" failures="0">
  <properties>
    <property name="gopherProxySet" value="false"/>
    <property name="awt.toolkit" value="sun.lwawt.macosx.LWCToolkit"/>
    <property name="socksProxyHost" value="127.0.0.1"/>
    <property name="file.encoding.pkg" value="sun.io"/>
    <property name="java.specification.version" value="1.8"/>
    <property name="sun.cpu.isalist" value=""/>
    <property name="sun.jnu.encoding" value="UTF-8"/>
    <property name="java.class.path" value="/Users/cw/Downloads/项目/文档资料/成神之路/鼓泡/05.分布式服务治理/02.SpringBoot的自动装配机制的原理分析/20190703-分布式-springboot核心原理/gupao-core/target/test-classes:/Users/cw/Downloads/项目/文档资料/成神之路/鼓泡/05.分布式服务治理/02.SpringBoot的自动装配机制的原理分析/20190703-分布式-springboot核心原理/gupao-core/target/classes:/Users/cw/.m2/repository/junit/junit/4.11/junit-4.11.jar:/Users/cw/.m2/repository/org/hamcrest/hamcrest-core/1.3/hamcrest-core-1.3.jar:/Users/cw/.m2/repository/org/springframework/spring-context/4.3.16.RELEASE/spring-context-4.3.16.RELEASE.jar:/Users/cw/.m2/repository/org/springframework/spring-aop/4.3.16.RELEASE/spring-aop-4.3.16.RELEASE.jar:/Users/cw/.m2/repository/org/springframework/spring-beans/4.3.16.RELEASE/spring-beans-4.3.16.RELEASE.jar:/Users/cw/.m2/repository/org/springframework/spring-core/4.3.16.RELEASE/spring-core-4.3.16.RELEASE.jar:/Users/cw/.m2/repository/commons-logging/commons-logging/1.2/commons-logging-1.2.jar:/Users/cw/.m2/repository/org/springframework/spring-expression/4.3.16.RELEASE/spring-expression-4.3.16.RELEASE.jar:"/>
    <property name="java.vm.vendor" value="Oracle Corporation"/>
    <property name="sun.arch.data.model" value="64"/>
    <property name="java.vendor.url" value="http://java.oracle.com/"/>
    <property name="user.timezone" value=""/>
    <property name="java.vm.specification.version" value="1.8"/>
    <property name="os.name" value="Mac OS X"/>
    <property name="user.country" value="CN"/>
    <property name="sun.java.launcher" value="SUN_STANDARD"/>
    <property name="sun.boot.library.path" value="/Library/Java/JavaVirtualMachines/jdk1.8.0_151.jdk/Contents/Home/jre/lib"/>
    <property name="sun.java.command" value="/Users/cw/Downloads/项目/文档资料/成神之路/鼓泡/05.分布式服务治理/02.SpringBoot的自动装配机制的原理分析/20190703-分布式-springboot核心原理/gupao-core/target/surefire/surefirebooter2549519019569405612.jar /Users/cw/Downloads/项目/文档资料/成神之路/鼓泡/05.分布式服务治理/02.SpringBoot的自动装配机制的原理分析/20190703-分布式-springboot核心原理/gupao-core/target/surefire 2020-01-21T13-53-53_395-jvmRun1 surefire902767482722085655tmp surefire_01607627490486439865tmp"/>
    <property name="http.nonProxyHosts" value="360.cn|*.360.cn|ali.com|*.ali.com|alibaba-inc.com|*.alibaba-inc.com|alibaba.com|*.alibaba.com|alibaba.net|*.alibaba.net|alibabacorp.com|*.alibabacorp.com|alicdn.com|*.alicdn.com|aliexpress.com|*.aliexpress.com|alikunlun.com|*.alikunlun.com|alipay-corp.com|*.alipay-corp.com|alipay-inc.com|*.alipay-inc.com|alipay.com|*.alipay.com|alipay.net|*.alipay.net|alipayobjects.com|*.alipayobjects.com|alitrip.com|*.alitrip.com|aliway.com|*.aliway.com|aliyun-inc.com|*.aliyun-inc.com|aliyuncs.com|*.aliyuncs.com|alizoo.com|*.alizoo.com|amap.com|*.amap.com|antfin-inc.com|*.antfin-inc.com|antfin.com|*.antfin.com|antfinancial-corp.com|*.antfinancial-corp.com|antsdaq-corp.com|*.antsdaq-corp.com|anyproxy.io|*.anyproxy.io|atatech.org|*.atatech.org|baidu.com|*.baidu.com|cainiao-inc.com|*.cainiao-inc.com|cnzz.com|*.cnzz.com|dingtalk.com|*.dingtalk.com|dingtalkapps.com|*.dingtalkapps.com|ele.me|*.ele.me|ele.to|*.ele.to|eleme.cn|*.eleme.cn|eleme.com.cn|*.eleme.com.cn|eleme.io|*.eleme.io|elemecdn.cn|*.elemecdn.cn|elemecdn.com|*.elemecdn.com|elenet.me|*.elenet.me|hemaos.com|*.hemaos.com|koubei-corp.com|*.koubei-corp.com|mayibank.net|*.mayibank.net|mmstat.com|*.mmstat.com|mybank-corp.cn|*.mybank-corp.cn|nlark.com|*.nlark.com|qq.com|*.qq.com|rajax-inc.com|*.rajax-inc.com|rajax-inc.net|*.rajax-inc.net|rajax.me|*.rajax.me|taobao.com|*.taobao.com|taobao.net|*.taobao.net|taobao.org|*.taobao.org|tbcdn.cn|*.tbcdn.cn|tbsite.net|*.tbsite.net|tmall.net|*.tmall.net|ucweb.local|*.ucweb.local|weiyun.com|*.weiyun.com|yunos-inc.com|*.yunos-inc.com|yunos.com|*.yunos.com|yuque.com|*.yuque.com|zmxy-corp.com.cn|*.zmxy-corp.com.cn|cloudprinter-hz.taobao.ali.com|*.cloudprinter-hz.taobao.ali.com|h5.dingtalk.com|*.h5.dingtalk.com|weibo.com|*.weibo.com"/>
    <property name="surefire.test.class.path" value="/Users/cw/Downloads/项目/文档资料/成神之路/鼓泡/05.分布式服务治理/02.SpringBoot的自动装配机制的原理分析/20190703-分布式-springboot核心原理/gupao-core/target/test-classes:/Users/cw/Downloads/项目/文档资料/成神之路/鼓泡/05.分布式服务治理/02.SpringBoot的自动装配机制的原理分析/20190703-分布式-springboot核心原理/gupao-core/target/classes:/Users/cw/.m2/repository/junit/junit/4.11/junit-4.11.jar:/Users/cw/.m2/repository/org/hamcrest/hamcrest-core/1.3/hamcrest-core-1.3.jar:/Users/cw/.m2/repository/org/springframework/spring-context/4.3.16.RELEASE/spring-context-4.3.16.RELEASE.jar:/Users/cw/.m2/repository/org/springframework/spring-aop/4.3.16.RELEASE/spring-aop-4.3.16.RELEASE.jar:/Users/cw/.m2/repository/org/springframework/spring-beans/4.3.16.RELEASE/spring-beans-4.3.16.RELEASE.jar:/Users/cw/.m2/repository/org/springframework/spring-core/4.3.16.RELEASE/spring-core-4.3.16.RELEASE.jar:/Users/cw/.m2/repository/commons-logging/commons-logging/1.2/commons-logging-1.2.jar:/Users/cw/.m2/repository/org/springframework/spring-expression/4.3.16.RELEASE/spring-expression-4.3.16.RELEASE.jar:"/>
    <property name="sun.cpu.endian" value="little"/>
    <property name="user.home" value="/Users/cw"/>
    <property name="user.language" value="zh"/>
    <property name="java.specification.vendor" value="Oracle Corporation"/>
    <property name="java.home" value="/Library/Java/JavaVirtualMachines/jdk1.8.0_151.jdk/Contents/Home/jre"/>
    <property name="basedir" value="/Users/cw/Downloads/项目/文档资料/成神之路/鼓泡/05.分布式服务治理/02.SpringBoot的自动装配机制的原理分析/20190703-分布式-springboot核心原理/gupao-core"/>
    <property name="file.separator" value="/"/>
    <property name="line.separator" value="&#10;"/>
    <property name="java.vm.specification.vendor" value="Oracle Corporation"/>
    <property name="java.specification.name" value="Java Platform API Specification"/>
    <property name="java.awt.graphicsenv" value="sun.awt.CGraphicsEnvironment"/>
    <property name="surefire.real.class.path" value="/Users/cw/Downloads/项目/文档资料/成神之路/鼓泡/05.分布式服务治理/02.SpringBoot的自动装配机制的原理分析/20190703-分布式-springboot核心原理/gupao-core/target/surefire/surefirebooter2549519019569405612.jar"/>
    <property name="sun.boot.class.path" value="/Library/Java/JavaVirtualMachines/jdk1.8.0_151.jdk/Contents/Home/jre/lib/resources.jar:/Library/Java/JavaVirtualMachines/jdk1.8.0_151.jdk/Contents/Home/jre/lib/rt.jar:/Library/Java/JavaVirtualMachines/jdk1.8.0_151.jdk/Contents/Home/jre/lib/sunrsasign.jar:/Library/Java/JavaVirtualMachines/jdk1.8.0_151.jdk/Contents/Home/jre/lib/jsse.jar:/Library/Java/JavaVirtualMachines/jdk1.8.0_151.jdk/Contents/Home/jre/lib/jce.jar:/Library/Java/JavaVirtualMachines/jdk1.8.0_151.jdk/Contents/Home/jre/lib/charsets.jar:/Library/Java/JavaVirtualMachines/jdk1.8.0_151.jdk/Contents/Home/jre/lib/jfr.jar:/Library/Java/JavaVirtualMachines/jdk1.8.0_151.jdk/Contents/Home/jre/classes"/>
    <property name="sun.management.compiler" value="HotSpot 64-Bit Tiered Compilers"/>
    <property name="ftp.nonProxyHosts" value="360.cn|*.360.cn|ali.com|*.ali.com|alibaba-inc.com|*.alibaba-inc.com|alibaba.com|*.alibaba.com|alibaba.net|*.alibaba.net|alibabacorp.com|*.alibabacorp.com|alicdn.com|*.alicdn.com|aliexpress.com|*.aliexpress.com|alikunlun.com|*.alikunlun.com|alipay-corp.com|*.alipay-corp.com|alipay-inc.com|*.alipay-inc.com|alipay.com|*.alipay.com|alipay.net|*.alipay.net|alipayobjects.com|*.alipayobjects.com|alitrip.com|*.alitrip.com|aliway.com|*.aliway.com|aliyun-inc.com|*.aliyun-inc.com|aliyuncs.com|*.aliyuncs.com|alizoo.com|*.alizoo.com|amap.com|*.amap.com|antfin-inc.com|*.antfin-inc.com|antfin.com|*.antfin.com|antfinancial-corp.com|*.antfinancial-corp.com|antsdaq-corp.com|*.antsdaq-corp.com|anyproxy.io|*.anyproxy.io|atatech.org|*.atatech.org|baidu.com|*.baidu.com|cainiao-inc.com|*.cainiao-inc.com|cnzz.com|*.cnzz.com|dingtalk.com|*.dingtalk.com|dingtalkapps.com|*.dingtalkapps.com|ele.me|*.ele.me|ele.to|*.ele.to|eleme.cn|*.eleme.cn|eleme.com.cn|*.eleme.com.cn|eleme.io|*.eleme.io|elemecdn.cn|*.elemecdn.cn|elemecdn.com|*.elemecdn.com|elenet.me|*.elenet.me|hemaos.com|*.hemaos.com|koubei-corp.com|*.koubei-corp.com|mayibank.net|*.mayibank.net|mmstat.com|*.mmstat.com|mybank-corp.cn|*.mybank-corp.cn|nlark.com|*.nlark.com|qq.com|*.qq.com|rajax-inc.com|*.rajax-inc.com|rajax-inc.net|*.rajax-inc.net|rajax.me|*.rajax.me|taobao.com|*.taobao.com|taobao.net|*.taobao.net|taobao.org|*.taobao.org|tbcdn.cn|*.tbcdn.cn|tbsite.net|*.tbsite.net|tmall.net|*.tmall.net|ucweb.local|*.ucweb.local|weiyun.com|*.weiyun.com|yunos-inc.com|*.yunos-inc.com|yunos.com|*.yunos.com|yuque.com|*.yuque.com|zmxy-corp.com.cn|*.zmxy-corp.com.cn|cloudprinter-hz.taobao.ali.com|*.cloudprinter-hz.taobao.ali.com|h5.dingtalk.com|*.h5.dingtalk.com|weibo.com|*.weibo.com"/>
    <property name="java.runtime.version" value="1.8.0_151-b12"/>
    <property name="user.name" value="cw"/>
    <property name="path.separator" value=":"/>
    <property name="os.version" value="10.13.6"/>
    <property name="java.endorsed.dirs" value="/Library/Java/JavaVirtualMachines/jdk1.8.0_151.jdk/Contents/Home/jre/lib/endorsed"/>
    <property name="java.runtime.name" value="Java(TM) SE Runtime Environment"/>
    <property name="file.encoding" value="UTF-8"/>
    <property name="java.vm.name" value="Java HotSpot(TM) 64-Bit Server VM"/>
    <property name="localRepository" value="/Users/cw/.m2/repository"/>
    <property name="java.vendor.url.bug" value="http://bugreport.sun.com/bugreport/"/>
    <property name="java.io.tmpdir" value="/var/folders/w6/s_4sbs1s7b92zdnr48dy3cnh0000gp/T/"/>
    <property name="java.version" value="1.8.0_151"/>
    <property name="user.dir" value="/Users/cw/Downloads/项目/文档资料/成神之路/鼓泡/05.分布式服务治理/02.SpringBoot的自动装配机制的原理分析/20190703-分布式-springboot核心原理/gupao-core"/>
    <property name="os.arch" value="x86_64"/>
    <property name="socksProxyPort" value="13659"/>
    <property name="java.vm.specification.name" value="Java Virtual Machine Specification"/>
    <property name="java.awt.printerjob" value="sun.lwawt.macosx.CPrinterJob"/>
    <property name="user.language.format" value="en"/>
    <property name="idea.version2019.3.1" value="true"/>
    <property name="sun.os.patch.level" value="unknown"/>
    <property name="java.library.path" value="/Users/cw/Library/Java/Extensions:/Library/Java/Extensions:/Network/Library/Java/Extensions:/System/Library/Java/Extensions:/usr/lib/java:."/>
    <property name="java.vm.info" value="mixed mode"/>
    <property name="java.vendor" value="Oracle Corporation"/>
    <property name="java.vm.version" value="25.151-b12"/>
    <property name="java.ext.dirs" value="/Users/cw/Library/Java/Extensions:/Library/Java/JavaVirtualMachines/jdk1.8.0_151.jdk/Contents/Home/jre/lib/ext:/Library/Java/Extensions:/Network/Library/Java/Extensions:/System/Library/Java/Extensions:/usr/lib/java"/>
    <property name="sun.io.unicode.encoding" value="UnicodeBig"/>
    <property name="java.class.version" value="52.0"/>
    <property name="socksNonProxyHosts" value="360.cn|*.360.cn|ali.com|*.ali.com|alibaba-inc.com|*.alibaba-inc.com|alibaba.com|*.alibaba.com|alibaba.net|*.alibaba.net|alibabacorp.com|*.alibabacorp.com|alicdn.com|*.alicdn.com|aliexpress.com|*.aliexpress.com|alikunlun.com|*.alikunlun.com|alipay-corp.com|*.alipay-corp.com|alipay-inc.com|*.alipay-inc.com|alipay.com|*.alipay.com|alipay.net|*.alipay.net|alipayobjects.com|*.alipayobjects.com|alitrip.com|*.alitrip.com|aliway.com|*.aliway.com|aliyun-inc.com|*.aliyun-inc.com|aliyuncs.com|*.aliyuncs.com|alizoo.com|*.alizoo.com|amap.com|*.amap.com|antfin-inc.com|*.antfin-inc.com|antfin.com|*.antfin.com|antfinancial-corp.com|*.antfinancial-corp.com|antsdaq-corp.com|*.antsdaq-corp.com|anyproxy.io|*.anyproxy.io|atatech.org|*.atatech.org|baidu.com|*.baidu.com|cainiao-inc.com|*.cainiao-inc.com|cnzz.com|*.cnzz.com|dingtalk.com|*.dingtalk.com|dingtalkapps.com|*.dingtalkapps.com|ele.me|*.ele.me|ele.to|*.ele.to|eleme.cn|*.eleme.cn|eleme.com.cn|*.eleme.com.cn|eleme.io|*.eleme.io|elemecdn.cn|*.elemecdn.cn|elemecdn.com|*.elemecdn.com|elenet.me|*.elenet.me|hemaos.com|*.hemaos.com|koubei-corp.com|*.koubei-corp.com|mayibank.net|*.mayibank.net|mmstat.com|*.mmstat.com|mybank-corp.cn|*.mybank-corp.cn|nlark.com|*.nlark.com|qq.com|*.qq.com|rajax-inc.com|*.rajax-inc.com|rajax-inc.net|*.rajax-inc.net|rajax.me|*.rajax.me|taobao.com|*.taobao.com|taobao.net|*.taobao.net|taobao.org|*.taobao.org|tbcdn.cn|*.tbcdn.cn|tbsite.net|*.tbsite.net|tmall.net|*.tmall.net|ucweb.local|*.ucweb.local|weiyun.com|*.weiyun.com|yunos-inc.com|*.yunos-inc.com|yunos.com|*.yunos.com|yuque.com|*.yuque.com|zmxy-corp.com.cn|*.zmxy-corp.com.cn|cloudprinter-hz.taobao.ali.com|*.cloudprinter-hz.taobao.ali.com|h5.dingtalk.com|*.h5.dingtalk.com|weibo.com|*.weibo.com"/>
  </properties>
  <testcase name="shouldAnswerWithTrue" classname="com.gupaoedu.core.AppTest" time="0.002"/>
</testsuite>